c:\users\sarita.sharma\desktop\recommendation-engine-cafeteria\x64\release\vc143.pdb
c:\users\sarita.sharma\desktop\recommendation-engine-cafeteria\x64\release\employeee.obj
c:\users\sarita.sharma\desktop\recommendation-engine-cafeteria\x64\release\databasemanager.obj
c:\users\sarita.sharma\desktop\recommendation-engine-cafeteria\x64\release\clientmain.obj
c:\users\sarita.sharma\desktop\recommendation-engine-cafeteria\x64\release\client.obj
c:\users\sarita.sharma\desktop\recommendation-engine-cafeteria\x64\release\chef.obj
c:\users\sarita.sharma\desktop\recommendation-engine-cafeteria\x64\release\admin.obj
c:\users\sarita.sharma\desktop\recommendation-engine-cafeteria\x64\release\accessmanger.obj
c:\users\sarita.sharma\desktop\recommendation-engine-cafeteria\x64\release\recommendation-engine-cafeteria.exe
c:\users\sarita.sharma\desktop\recommendation-engine-cafeteria\x64\release\recommendation-engine-cafeteria.pdb
c:\users\sarita.sharma\desktop\recommendation-engine-cafeteria\x64\release\recommendation-engine-cafeteria.lib
c:\users\sarita.sharma\desktop\recommendation-engine-cafeteria\x64\release\recommendation-engine-cafeteria.exp
c:\users\sarita.sharma\desktop\recommendation-engine-cafeteria\x64\release\recommendation-engine-cafeteria.ipdb
c:\users\sarita.sharma\desktop\recommendation-engine-cafeteria\x64\release\recommendation-engine-cafeteria.iobj
c:\users\sarita.sharma\desktop\recommendation-engine-cafeteria\x64\release\recommen.584c5c88.tlog\cl.command.1.tlog
c:\users\sarita.sharma\desktop\recommendation-engine-cafeteria\x64\release\recommen.584c5c88.tlog\cl.items.tlog
c:\users\sarita.sharma\desktop\recommendation-engine-cafeteria\x64\release\recommen.584c5c88.tlog\cl.read.1.tlog
c:\users\sarita.sharma\desktop\recommendation-engine-cafeteria\x64\release\recommen.584c5c88.tlog\cl.write.1.tlog
c:\users\sarita.sharma\desktop\recommendation-engine-cafeteria\x64\release\recommen.584c5c88.tlog\link.command.1.tlog
c:\users\sarita.sharma\desktop\recommendation-engine-cafeteria\x64\release\recommen.584c5c88.tlog\link.read.1.tlog
c:\users\sarita.sharma\desktop\recommendation-engine-cafeteria\x64\release\recommen.584c5c88.tlog\link.write.1.tlog
c:\users\sarita.sharma\desktop\recommendation-engine-cafeteria\x64\release\recommen.584c5c88.tlog\link.write.2u.tlog
