c:\users\sarita.sharma\source\repos\recommendation-engine-cafeteria\recommendation-engine-cafeteria\x64\release\vc143.pdb
c:\users\sarita.sharma\source\repos\recommendation-engine-cafeteria\recommendation-engine-cafeteria\x64\release\main.obj
c:\users\sarita.sharma\source\repos\recommendation-engine-cafeteria\x64\release\recommendation-engine-cafeteria.exe
c:\users\sarita.sharma\source\repos\recommendation-engine-cafeteria\recommendation-engine-cafeteria\x64\release\recommendation-engine-cafeteria.ipdb
c:\users\sarita.sharma\source\repos\recommendation-engine-cafeteria\x64\release\recommendation-engine-cafeteria.pdb
c:\users\sarita.sharma\source\repos\recommendation-engine-cafeteria\recommendation-engine-cafeteria\x64\release\recommendation-engine-cafeteria.iobj
c:\users\sarita.sharma\source\repos\recommendation-engine-cafeteria\x64\release\recommendation-engine-cafeteria.lib
c:\users\sarita.sharma\source\repos\recommendation-engine-cafeteria\x64\release\recommendation-engine-cafeteria.exp
e:\recommendation-engine-cafeteria\recommendation-engine-cafeteria\x64\release\main.obj
e:\recommendation-engine-cafeteria\recommendation-engine-cafeteria\x64\release\recommendation-engine-cafeteria.ipdb
e:\recommendation-engine-cafeteria\recommendation-engine-cafeteria\x64\release\recommendation-engine-cafeteria.iobj
e:\recommendation-engine-cafeteria\recommendation-engine-cafeteria\x64\release\vc143.pdb
e:\recommendation-engine-cafeteria\recommendation-engine-cafeteria\x64\release\recommen.2d9ff6fe.tlog\cl.command.1.tlog
e:\recommendation-engine-cafeteria\recommendation-engine-cafeteria\x64\release\recommen.2d9ff6fe.tlog\cl.items.tlog
e:\recommendation-engine-cafeteria\recommendation-engine-cafeteria\x64\release\recommen.2d9ff6fe.tlog\cl.read.1.tlog
e:\recommendation-engine-cafeteria\recommendation-engine-cafeteria\x64\release\recommen.2d9ff6fe.tlog\cl.write.1.tlog
e:\recommendation-engine-cafeteria\recommendation-engine-cafeteria\x64\release\recommen.2d9ff6fe.tlog\link.command.1.tlog
e:\recommendation-engine-cafeteria\recommendation-engine-cafeteria\x64\release\recommen.2d9ff6fe.tlog\link.read.1.tlog
e:\recommendation-engine-cafeteria\recommendation-engine-cafeteria\x64\release\recommen.2d9ff6fe.tlog\link.write.1.tlog
e:\recommendation-engine-cafeteria\recommendation-engine-cafeteria\x64\release\recommen.2d9ff6fe.tlog\link.write.2u.tlog
